<?xml version="1.0" encoding="UTF-8"?>
<testsuite name="MainTest" tests="1" skipped="0" failures="0" errors="0" timestamp="2024-03-08T00:47:06" hostname="DESKTOP-SDB00LK" time="0.002">
  <properties/>
  <testcase name="testAppHasAGreeting" classname="MainTest" time="0.002"/>
  <system-out><![CDATA[]]></system-out>
  <system-err><![CDATA[]]></system-err>
</testsuite>
